生成启动时间为 2014/9/9 11:01:37。
     1>项目“G:\learn\GameOne\projects\chengy\proj.win32\chengy.vcxproj”在节点 2 上(build 个目标)。
     1>InitializeBuildStatus:
         正在对“Debug.win32\chengy.unsuccessfulbuild”执行 Touch 任务。
       ClCompile:
         C:\Program Files (x86)\Microsoft Visual Studio 10.0\VC\bin\CL.exe /c /IG:\learn\GameOne\projects\chengy\proj.win32\..\..\..\cocos2dx /IG:\learn\GameOne\projects\chengy\proj.win32\..\..\..\cocos2dx\include /IG:\learn\GameOne\projects\chengy\proj.win32\..\..\..\cocos2dx\kazmath\include /IG:\learn\GameOne\projects\chengy\proj.win32\..\..\..\cocos2dx\platform\win32 /IG:\learn\GameOne\projects\chengy\proj.win32\..\..\..\cocos2dx\platform\third_party\win32 /IG:\learn\GameOne\projects\chengy\proj.win32\..\..\..\cocos2dx\platform\third_party\win32\OGLES /IG:\learn\GameOne\projects\chengy\proj.win32\..\..\..\external /IG:\learn\GameOne\projects\chengy\proj.win32\..\..\..\external\chipmunk\include\chipmunk /IG:\learn\GameOne\projects\chengy\proj.win32\..\..\..\CocosDenshion\include /IG:\learn\GameOne\projects\chengy\proj.win32\..\..\..\extensions /I..\Classes /I.. /ZI /nologo /W3 /WX- /Od /Oy- /D WIN32 /D _DEBUG /D _WINDOWS /D _USE_MATH_DEFINES /D GL_GLEXT_PROTOTYPES /D CC_ENABLE_CHIPMUNK_INTEGRATION=1 /D COCOS2D_DEBUG=1 /D _CRT_SECURE_NO_WARNINGS /D _SCL_SECURE_NO_WARNINGS /D _UNICODE /D UNICODE /Gm /EHsc /RTC1 /MDd /GS /fp:precise /Zc:wchar_t /Zc:forScope /Fo"Debug.win32\\" /Fd"Debug.win32\vc100.pdb" /Gd /TP /wd4267 /wd4251 /wd4244 /analyze- /errorReport:prompt ..\Classes\AppDelegate.cpp ..\Classes\HelloWorldScene.cpp
         {{xgTaskID=00000008}}
         HelloWorldScene.cpp
         {{xgTaskID=00000000}}
         {{xgTaskID=00000007}}
         AppDelegate.cpp
         {{xgTaskID=00000000}}
       PreLinkEvent:
         /cstep C:\Program Files (x86)\Xoreax\IncrediBuild\temp\cstep_{E81CE161-9B0C-4D20-94A3-68536C8C8FAE}.bat if not exist "G:\learn\GameOne\projects\chengy\proj.win32\Debug.win32\" mkdir "G:\learn\GameOne\projects\chengy\proj.win32\Debug.win32\"
         xcopy /Y /Q "G:\learn\GameOne\projects\chengy\proj.win32\..\..\..\external\libwebsockets\win32\lib\*.*" "G:\learn\GameOne\projects\chengy\proj.win32\Debug.win32\" /msg "Performing Pre-Link Event"
         :VCEnd
         {{xgTaskID=00000009}}
         复制了 2 个文件
         {{xgTaskID=00000000}}
       Link:
         C:\Program Files (x86)\Microsoft Visual Studio 10.0\VC\bin\link.exe /ERRORREPORT:PROMPT /OUT:"G:\learn\GameOne\projects\chengy\proj.win32\Debug.win32\chengy.exe" /INCREMENTAL /NOLOGO /LIBPATH:G:\learn\GameOne\projects\chengy\proj.win32\Debug.win32\ libExtensions.lib libcocos2d.lib libCocosDenshion.lib opengl32.lib glew32.lib libBox2d.lib libchipmunk.lib libcurl_imp.lib pthreadVCE2.lib websockets.lib kernel32.lib user32.lib gdi32.lib winspool.lib comdlg32.lib advapi32.lib shell32.lib ole32.lib oleaut32.lib uuid.lib odbc32.lib odbccp32.lib /MANIFEST /ManifestFile:"Debug.win32\chengy.exe.intermediate.manifest" /MANIFESTUAC:"level='asInvoker' uiAccess='false'" /DEBUG /PDB:"G:\learn\GameOne\projects\chengy\proj.win32\Debug.win32\chengy.pdb" /SUBSYSTEM:WINDOWS /TLBID:1 /DYNAMICBASE /NXCOMPAT /IMPLIB:"G:\learn\GameOne\projects\chengy\proj.win32\Debug.win32\chengy.lib" /MACHINE:X86 Debug.win32\AppDelegate.obj
         Debug.win32\HelloWorldScene.obj
         Debug.win32\main.obj
         G:\learn\GameOne\projects\chengy\proj.win32\Debug.win32\libcocos2d.lib
         G:\learn\GameOne\projects\chengy\proj.win32\Debug.win32\libCocosDenshion.lib
         G:\learn\GameOne\projects\chengy\proj.win32\Debug.win32\libExtensions.lib
         G:\learn\GameOne\projects\chengy\proj.win32\Debug.win32\libBox2D.lib
         G:\learn\GameOne\projects\chengy\proj.win32\Debug.win32\libchipmunk.lib
         {{xgTaskID=0000000A}}
         
         {{xgTaskID=00000000}}
         chengy.vcxproj -> G:\learn\GameOne\projects\chengy\proj.win32\Debug.win32\chengy.exe
       Manifest:
         C:\Program Files (x86)\Microsoft SDKs\Windows\v7.0A\bin\mt.exe /nologo /verbose /out:"G:\learn\GameOne\projects\chengy\proj.win32\Debug.win32\chengy.exe.manifest" /manifest Debug.win32\chengy.exe.intermediate.manifest
         {{xgTaskID=0000000B}}
         
         {{xgTaskID=00000000}}
       FinalizeBuildStatus:
         正在删除文件“Debug.win32\chengy.unsuccessfulbuild”。
         正在对“Debug.win32\chengy.lastbuildstate”执行 Touch 任务。
     1>已完成生成项目“G:\learn\GameOne\projects\chengy\proj.win32\chengy.vcxproj”(build 个目标)的操作。

生成成功。

已用时间 00:00:04.72
